<?xml version="1.0" encoding="UTF-8"?>
<!-- Generated by org.testng.reporters.JUnitReportReporter -->
<testsuite skipped="0" hostname="DESKTOP-1P6NBCG" name="com.training.sanity.tests.RealEstate_AllPostVerification_Test_Medium_RETC_42" tests="1" failures="0" timestamp="2020-03-13T12:43:45 IST" time="50.005" errors="0">
  <testcase name="addPostTest" time="50.005" classname="com.training.sanity.tests.RealEstate_AllPostVerification_Test_Medium_RETC_42"/>
</testsuite> <!-- com.training.sanity.tests.RealEstate_AllPostVerification_Test_Medium_RETC_42 -->
