<?xml version="1.0" encoding="UTF-8"?>
<!-- Generated by org.testng.reporters.JUnitReportReporter -->
<testsuite skipped="0" hostname="DESKTOP-1P6NBCG" name="com.training.sanity.tests.RealEstate_NewLaunch_QueryForm_Test_Simple_RETC_010" tests="1" failures="0" timestamp="2020-03-06T13:04:49 IST" time="36.540" errors="0">
  <testcase name="validLoginTest" time="36.540" classname="com.training.sanity.tests.RealEstate_NewLaunch_QueryForm_Test_Simple_RETC_010"/>
</testsuite> <!-- com.training.sanity.tests.RealEstate_NewLaunch_QueryForm_Test_Simple_RETC_010 -->
