<?xml version="1.0" encoding="UTF-8"?>
<!-- Generated by org.testng.reporters.JUnitReportReporter -->
<testsuite skipped="0" hostname="DESKTOP-1P6NBCG" name="com.training.sanity.tests.RealEstate_AdminLogin_Test_RETC_011" tests="1" failures="0" timestamp="04 Mar 2020 08:23:02 GMT" time="21.869" errors="0">
  <testcase name="validLoginTest" time="21.869" classname="com.training.sanity.tests.RealEstate_AdminLogin_Test_RETC_011"/>
</testsuite> <!-- com.training.sanity.tests.RealEstate_AdminLogin_Test_RETC_011 -->
