<?xml version="1.0" encoding="UTF-8"?>
<!-- Generated by org.testng.reporters.JUnitReportReporter -->
<testsuite skipped="0" hostname="DESKTOP-1P6NBCG" name="com.training.sanity.tests.LoginTests" tests="1" failures="0" timestamp="03 Mar 2020 09:35:30 GMT" time="29.145" errors="0">
  <testcase name="validLoginTest" time="29.145" classname="com.training.sanity.tests.LoginTests"/>
</testsuite> <!-- com.training.sanity.tests.LoginTests -->
