<?xml version="1.0" encoding="UTF-8"?>
<!-- Generated by org.testng.reporters.JUnitReportReporter -->
<testsuite skipped="0" hostname="DESKTOP-1P6NBCG" name="com.training.sanity.tests.RealEstate_Test" tests="1" failures="0" timestamp="04 Mar 2020 07:41:49 GMT" time="34.996" errors="0">
  <testcase name="validLoginTest" time="34.996" classname="com.training.sanity.tests.RealEstate_Test"/>
</testsuite> <!-- com.training.sanity.tests.RealEstate_Test -->
