<?xml version="1.0" encoding="UTF-8"?>
<!-- Generated by org.testng.reporters.JUnitReportReporter -->
<testsuite skipped="0" hostname="DESKTOP-1P6NBCG" name="com.training.sanity.tests.RealEstate_AdminLogin_Test_Simple_RETC_011" tests="1" failures="0" timestamp="2020-03-06T13:07:51 IST" time="35.488" errors="0">
  <testcase name="validLoginTest" time="35.488" classname="com.training.sanity.tests.RealEstate_AdminLogin_Test_Simple_RETC_011"/>
</testsuite> <!-- com.training.sanity.tests.RealEstate_AdminLogin_Test_Simple_RETC_011 -->
