<?xml version="1.0" encoding="UTF-8"?>
<!-- Generated by org.testng.reporters.JUnitReportReporter -->
<testsuite skipped="0" hostname="DESKTOP-1P6NBCG" name="com.training.sanity.tests.RealEstate_CommentVerififcation_Test_Medium_RETC_41" tests="1" failures="0" timestamp="2020-03-13T13:44:49 IST" time="66.963" errors="0">
  <testcase name="addPostTest" time="66.963" classname="com.training.sanity.tests.RealEstate_CommentVerififcation_Test_Medium_RETC_41"/>
</testsuite> <!-- com.training.sanity.tests.RealEstate_CommentVerififcation_Test_Medium_RETC_41 -->
