<?xml version="1.0" encoding="UTF-8"?>
<!-- Generated by org.testng.reporters.JUnitReportReporter -->
<testsuite skipped="0" hostname="DESKTOP-1P6NBCG" name="com.training.sanity.tests.RealEstate_AddPost_Test_Medium_RETC_040" tests="1" failures="0" timestamp="2020-03-06T13:22:12 IST" time="55.105" errors="0">
  <testcase name="addPostTest" time="55.105" classname="com.training.sanity.tests.RealEstate_AddPost_Test_Medium_RETC_040"/>
</testsuite> <!-- com.training.sanity.tests.RealEstate_AddPost_Test_Medium_RETC_040 -->
