<?xml version="1.0" encoding="UTF-8"?>
<!-- Generated by org.testng.reporters.JUnitReportReporter -->
<testsuite skipped="0" hostname="DESKTOP-1P6NBCG" name="com.training.sanity.tests.RealEstate_AllPostVerification_Test_Medium_RETC_42" tests="1" failures="0" timestamp="2020-03-23T17:56:05 IST" time="62.650" errors="0">
  <testcase name="addPostTest" time="62.650" classname="com.training.sanity.tests.RealEstate_AllPostVerification_Test_Medium_RETC_42"/>
</testsuite> <!-- com.training.sanity.tests.RealEstate_AllPostVerification_Test_Medium_RETC_42 -->
